[2023-07-12 09:27:22.000] [2088] [info] [iris_logger.cc:116] reset logger with path .\agora-iris-rtc.log
[2023-07-12 09:27:22.001] [2088] [info] [iris_logger.cc:116] reset logger with path .\agora-iris-rtc.log
[2023-07-12 09:27:22.002] [2088] [info] [iris_logger.cc:116] reset logger with path .\agora-iris-rtc.log
[2023-07-12 09:27:22.005] [2088] [info] [iris_rtc_engine_impl.cc:113] api name RtcEngine_initialize ret 0 result {"result":-101}
[2023-07-12 09:27:22.022] [2088] [info] [iris_rtc_engine_impl.cc:97] api name RtcEngine_muteLocalAudioStream params {"mute":true}
[2023-07-12 09:27:22.022] [2088] [warning] [iris_rtc_engine_impl.cc:107] error code : -7
[2023-07-12 09:27:22.022] [2088] [info] [iris_rtc_engine_impl.cc:113] api name RtcEngine_muteLocalAudioStream ret 0 result {"result":-7}
[2023-07-12 09:27:22.022] [2088] [info] [iris_rtc_engine_impl.cc:97] api name RtcEngine_muteAllRemoteAudioStreams params {"mute":true}
[2023-07-12 09:27:22.022] [2088] [warning] [iris_rtc_engine_impl.cc:107] error code : -7
[2023-07-12 09:27:22.022] [2088] [info] [iris_rtc_engine_impl.cc:113] api name RtcEngine_muteAllRemoteAudioStreams ret 0 result {"result":-7}
[2023-07-12 09:27:22.022] [2088] [info] [iris_rtc_engine_impl.cc:97] api name RtcEngine_enableAudio params {}
[2023-07-12 09:27:22.022] [2088] [warning] [iris_rtc_engine_impl.cc:107] error code : -7
[2023-07-12 09:27:22.023] [2088] [info] [iris_rtc_engine_impl.cc:113] api name RtcEngine_enableAudio ret 0 result {"result":-7}
[2023-07-12 09:27:22.023] [2088] [error] [iris_rtc_spatial_audio_engine_impl.cc:222] error code: -7
[2023-07-12 09:27:22.036] [2088] [info] [iris_rtc_engine_impl.cc:97] api name RtcEngine_registerEventHandler params {"event":2323432955120}
[2023-07-12 09:27:22.036] [2088] [warning] [iris_rtc_engine_impl.cc:107] error code : -7
[2023-07-12 09:27:22.036] [2088] [info] [iris_rtc_engine_impl.cc:113] api name RtcEngine_registerEventHandler ret 0 result {"result":0}
[2023-07-12 09:27:24.422] [2088] [info] [iris_rtc_engine_impl.cc:97] api name RtcEngine_enableVideo params {}
[2023-07-12 09:27:24.422] [2088] [warning] [iris_rtc_engine_impl.cc:107] error code : -7
[2023-07-12 09:27:24.422] [2088] [info] [iris_rtc_engine_impl.cc:113] api name RtcEngine_enableVideo ret 0 result {"result":-7}
[2023-07-12 09:27:24.423] [2088] [info] [iris_rtc_engine_impl.cc:97] api name RtcEngine_setClientRole params {"role":1}
[2023-07-12 09:27:24.423] [2088] [warning] [iris_rtc_engine_impl.cc:107] error code : -7
[2023-07-12 09:27:24.423] [2088] [info] [iris_rtc_engine_impl.cc:113] api name RtcEngine_setClientRole ret 0 result {"result":-7}
[2023-07-12 09:27:24.424] [2088] [info] [iris_rtc_engine_impl.cc:95] api name RtcEngine_joinChannel params {"channelId":"unity3d","info":"","token":"","uid":0}
[2023-07-12 09:27:24.424] [2088] [warning] [iris_rtc_engine_impl.cc:107] error code : -7
[2023-07-12 09:27:24.424] [2088] [info] [iris_rtc_engine_impl.cc:113] api name RtcEngine_joinChannel ret 0 result {"result":-7}
[2023-07-12 09:27:28.730] [2088] [info] [iris_rtc_engine_impl.cc:97] api name RtcEngine_release params {"sync":false}
[2023-07-12 09:27:28.730] [2088] [info] [iris_rtc_engine_impl.cc:113] api name RtcEngine_release ret 0 result {"result":0}
[2023-07-12 09:27:28.730] [2088] [info] [iris_rtc_engine_impl.cc:43] IrisRtcEngineImpl Destroy
[2023-07-12 09:27:28.730] [2088] [info] [iris_rtc_music_center_impl.cc:20] IrisMusiImpl Destroy
[2023-07-12 09:27:28.730] [2088] [info] [iris_rtc_media_recorder_impl.cc:13] IrisMediaRecodrerImpl Destroy
[2023-07-12 09:27:28.730] [2088] [info] [iris_rtc_spatial_audio_engine_impl.cc:201] IrisLocalSpatialAudioEngineImpl Destroy
[2023-07-12 09:27:28.730] [2088] [info] [iris_rtc_media_player_impl.cc:26] IrisMediaPlayerImpl Destroy
[2023-07-12 09:27:28.730] [2088] [info] [iris_rtc_device_manager_impl.cc:25] IrisRtcDeviceManagerImpl Destroy
